Start testing: Jun 09 16:32 W. Europe Daylight Time
----------------------------------------------------------
Test not available without configuration.  (Missing "-C <config>"?)
1/1 Testing: mylib_test
1/1 Test: mylib_test
Command: "NOT_AVAILABLE"
Directory: C:/Users/mahes/Downloads/CMake Project/build/tests
"mylib_test" start time: 
Output:
----------------------------------------------------------
<end of output>
Test time =   0.00 sec
----------------------------------------------------------
Test Passed.
"mylib_test" end time: Jun 09 16:32 W. Europe Daylight Time
"mylib_test" time elapsed: 00:00:00
----------------------------------------------------------

End testing: Jun 09 16:32 W. Europe Daylight Time
